https://www.auswaertiges-amt.de/en/newsroom/news/100203-hh-somalia/234666
https://www.auswaertiges-amt.de/en/newsroom/news/110125-binnenvertriebene-sudan/240728
https://www.auswaertiges-amt.de/en/newsroom/news/101021-mrhh-sacharow-preis-farinas/238956
https://www.auswaertiges-amt.de/en/newsroom/news/110107-irak/240444
https://www.auswaertiges-amt.de/en/newsroom/news/101216-irak/240146
https://www.auswaertiges-amt.de/en/newsroom/news/100817-mrhh-pakistanspenden/234318
https://www.auswaertiges-amt.de/en/newsroom/news/101106-bm-faz/239288
https://www.auswaertiges-amt.de/en/newsroom/news/100502-bm-petersberger-klimadialog/232696
https://www.auswaertiges-amt.de/en/newsroom/news/100603-bm-dt-arab-hk/232682
https://www.auswaertiges-amt.de/en/newsroom/news/100722-bm-kampala-au/232470
https://www.auswaertiges-amt.de/en/newsroom/news/101006-bm-afrika-preis/232670
https://www.auswaertiges-amt.de/en/newsroom/news/110120-hh-srilanka/240668
https://www.auswaertiges-amt.de/en/newsroom/news/100329-bm-toronto/217998
https://www.auswaertiges-amt.de/en/newsroom/news/100814-erhoehunghilfepak/234534
https://www.auswaertiges-amt.de/en/newsroom/news/100311bm-mercosul/229584
https://www.auswaertiges-amt.de/en/newsroom/news/100531-bm-dt-bras-wirtschaftstage/232686
https://www.auswaertiges-amt.de/en/newsroom/news/100201-bm-abbas/234110
https://www.auswaertiges-amt.de/en/newsroom/news/100811-bureg-hum-hilfe-pak/233930
https://www.auswaertiges-amt.de/en/newsroom/news/101021-bm-dgap-grundsatzrede/239056
https://www.auswaertiges-amt.de/en/newsroom/news/100722-hh-somalia/234242
https://www.auswaertiges-amt.de/en/newsroom/news/100920-flut-pak/234474
https://www.auswaertiges-amt.de/en/newsroom/news/100805-hh-pak/234210
https://www.auswaertiges-amt.de/en/newsroom/news/101124-bm-atalanta-rede/239762
